<application>
  <component name="JUnitGeneratorAppSettings">
    <option name="outputFilePattern" value="${SOURCEPATH}/../../../../test/${PACKAGE}/${FILENAME}" />
  </component>
</application>